<?xml version="1.0" encoding="UTF-8"?>
<!-- Generated by org.testng.reporters.JUnitXMLReporter -->
<testsuite hostname="AR-IT03921" ignored="0" name="ChangeToFlights" tests="1" failures="1" timestamp="14 Jan 2019 13:25:14 GMT" time="454.152" errors="0">
  <testcase name="selectFlight" time="454.129" classname="com.automation.tests.ChangeToFlights">
    <failure type="java.lang.NullPointerException">
      <![CDATA[java.lang.NullPointerException
at com.automation.tests.ChangeToFlights.selectFlight(ChangeToFlights.java:29)
... Removed 25 stack frames]]>
    </failure>
  </testcase> <!-- selectFlight -->
</testsuite> <!-- ChangeToFlights -->
