<?xml version="1.0" encoding="UTF-8"?>
<!-- Generated by org.testng.reporters.JUnitXMLReporter -->
<testsuite hostname="AR-IT03921" ignored="0" name="My firts test" tests="1" failures="1" timestamp="30 Oct 2018 20:36:22 GMT" time="18.131" errors="0">
  <testcase name="selectFlight" time="18.111" classname="com.automation.tests.ChangeToFlights">
    <failure type="java.lang.AssertionError" message="expected [Price (Lowest)] but found [Price (Lowest)
Price (Highest)
Duration (Shortest)
Duration (Longest)
Departure (Earliest)
Departure (Latest)
Arrival (Earliest)
Arrival (Latest)]">
      <![CDATA[java.lang.AssertionError: expected [Price (Lowest)] but found [Price (Lowest)
Price (Highest)
Duration (Shortest)
Duration (Longest)
Departure (Earliest)
Departure (Latest)
Arrival (Earliest)
Arrival (Latest)]
at com.automation.tests.ChangeToFlights.selectFlight(ChangeToFlights.java:24)
... Removed 31 stack frames]]>
    </failure>
  </testcase> <!-- selectFlight -->
</testsuite> <!-- My firts test -->
